[2016-05-08 22:35:16][debug] begin notify
[2016-05-08 22:35:16][debug] call back:{"appid":"wx6a373ecbeb135833","attach":"13564137185","bank_type":"CFT","cash_fee":"1","fee_type":"CNY","is_subscribe":"Y","mch_id":"1290069701","nonce_str":"p7576wdq2te2shdr022t6sk1cra69p77","openid":"ownx_s79mEgWajHngZ88u76Vv6wE","out_trade_no":"129006970120160508223509","result_code":"SUCCESS","return_code":"SUCCESS","sign":"6B12E13432FB19FD8E67FD4EA3FA7A09","time_end":"20160508223516","total_fee":"1","trade_type":"JSAPI","transaction_id":"4008672001201605085650944783"}
[2016-05-08 22:35:16][debug] query:{"appid":"wx6a373ecbeb135833","attach":"13564137185","bank_type":"CFT","cash_fee":"1","fee_type":"CNY","is_subscribe":"Y","mch_id":"1290069701","nonce_str":"xUF2pu2QN1dXgSrD","openid":"ownx_s79mEgWajHngZ88u76Vv6wE","out_trade_no":"129006970120160508223509","result_code":"SUCCESS","return_code":"SUCCESS","return_msg":"OK","sign":"2914A8ACB6B7D87B24EC5A0B49BB2F05","time_end":"20160508223516","total_fee":"1","trade_state":"SUCCESS","trade_type":"JSAPI","transaction_id":"4008672001201605085650944783"}
[2016-05-08 22:35:16][debug] notify to db: success! openid:ownx_s79mEgWajHngZ88u76Vv6wE
[2016-05-08 22:58:45][debug] begin notify
[2016-05-08 22:58:45][debug] call back:{"appid":"wx6a373ecbeb135833","attach":"13564137185","bank_type":"CFT","cash_fee":"1","fee_type":"CNY","is_subscribe":"Y","mch_id":"1290069701","nonce_str":"cyplpw3n9412zujuieueuxrfkqv9gmt3","openid":"ownx_s79mEgWajHngZ88u76Vv6wE","out_trade_no":"129006970120160508225838","result_code":"SUCCESS","return_code":"SUCCESS","sign":"0A0F946711F53BFD2287BBCAD3C06110","time_end":"20160508225844","total_fee":"1","trade_type":"JSAPI","transaction_id":"4008672001201605085651251042"}
[2016-05-08 22:58:45][debug] query:{"appid":"wx6a373ecbeb135833","attach":"13564137185","bank_type":"CFT","cash_fee":"1","fee_type":"CNY","is_subscribe":"Y","mch_id":"1290069701","nonce_str":"wClGj3xmZeKcZIaZ","openid":"ownx_s79mEgWajHngZ88u76Vv6wE","out_trade_no":"129006970120160508225838","result_code":"SUCCESS","return_code":"SUCCESS","return_msg":"OK","sign":"B2F87200F83E500903FF096B7BFA49FC","time_end":"20160508225844","total_fee":"1","trade_state":"SUCCESS","trade_type":"JSAPI","transaction_id":"4008672001201605085651251042"}
[2016-05-08 22:58:45][debug] notify to db: success! openid:ownx_s79mEgWajHngZ88u76Vv6wE
[2016-05-08 23:02:10][debug] begin notify
[2016-05-08 23:02:10][debug] call back:{"appid":"wx6a373ecbeb135833","attach":"13564147815","bank_type":"CFT","cash_fee":"1","fee_type":"CNY","is_subscribe":"Y","mch_id":"1290069701","nonce_str":"xptxt0cx535kpehfzn75fk509cjd6usy","openid":"ownx_s79mEgWajHngZ88u76Vv6wE","out_trade_no":"129006970120160508230203","result_code":"SUCCESS","return_code":"SUCCESS","sign":"5A1F7ABB4F95E6CAB5DE7CE5FC8697C3","time_end":"20160508230209","total_fee":"1","trade_type":"JSAPI","transaction_id":"4008672001201605085651286940"}
[2016-05-08 23:02:10][debug] query:{"appid":"wx6a373ecbeb135833","attach":"13564147815","bank_type":"CFT","cash_fee":"1","fee_type":"CNY","is_subscribe":"Y","mch_id":"1290069701","nonce_str":"1sE4ml9Z9GHn9IUg","openid":"ownx_s79mEgWajHngZ88u76Vv6wE","out_trade_no":"129006970120160508230203","result_code":"SUCCESS","return_code":"SUCCESS","return_msg":"OK","sign":"EC2C7A10F9BD4FBA232ABDFF7D5D2D9A","time_end":"20160508230209","total_fee":"1","trade_state":"SUCCESS","trade_type":"JSAPI","transaction_id":"4008672001201605085651286940"}
[2016-05-08 23:02:10][debug] notify to db: success! openid:ownx_s79mEgWajHngZ88u76Vv6wE
[2016-05-08 23:10:46][debug] begin notify
[2016-05-08 23:10:46][debug] call back:{"appid":"wx6a373ecbeb135833","attach":"13564137185","bank_type":"CFT","cash_fee":"1","fee_type":"CNY","is_subscribe":"Y","mch_id":"1290069701","nonce_str":"kfh3e7k5c4oiiahzjjvdj4dutp3palb4","openid":"ownx_s79mEgWajHngZ88u76Vv6wE","out_trade_no":"129006970120160508231040","result_code":"SUCCESS","return_code":"SUCCESS","sign":"1BDB26518BE829268CF351B445B3B5C8","time_end":"20160508231046","total_fee":"1","trade_type":"JSAPI","transaction_id":"4008672001201605085650207965"}
[2016-05-08 23:10:47][debug] query:{"appid":"wx6a373ecbeb135833","attach":"13564137185","bank_type":"CFT","cash_fee":"1","fee_type":"CNY","is_subscribe":"Y","mch_id":"1290069701","nonce_str":"2ePG4zW1DoZoytRl","openid":"ownx_s79mEgWajHngZ88u76Vv6wE","out_trade_no":"129006970120160508231040","result_code":"SUCCESS","return_code":"SUCCESS","return_msg":"OK","sign":"D142F159F641C82CEF077BEE1650E37E","time_end":"20160508231046","total_fee":"1","trade_state":"SUCCESS","trade_type":"JSAPI","transaction_id":"4008672001201605085650207965"}
[2016-05-08 23:10:47][debug] notify to db: success! openid:ownx_s79mEgWajHngZ88u76Vv6wE
[2016-05-08 23:38:08][debug] begin notify
[2016-05-08 23:38:08][debug] call back:{"appid":"wx6a373ecbeb135833","attach":"15000156404","bank_type":"CFT","cash_fee":"1","fee_type":"CNY","is_subscribe":"Y","mch_id":"1290069701","nonce_str":"4gp7vyahcs4njwngw0lrnwzij1bilq7a","openid":"ownx_s4nwip-5k-1oQzYp5r1oBIY","out_trade_no":"129006970120160508233721","result_code":"SUCCESS","return_code":"SUCCESS","sign":"050ECE81F6C3C498302E634F30BA82C9","time_end":"20160508233807","total_fee":"1","trade_type":"JSAPI","transaction_id":"4003782001201605085652496524"}
[2016-05-08 23:38:08][debug] query:{"appid":"wx6a373ecbeb135833","attach":"15000156404","bank_type":"CFT","cash_fee":"1","fee_type":"CNY","is_subscribe":"Y","mch_id":"1290069701","nonce_str":"AeEFqQPgVAE4322m","openid":"ownx_s4nwip-5k-1oQzYp5r1oBIY","out_trade_no":"129006970120160508233721","result_code":"SUCCESS","return_code":"SUCCESS","return_msg":"OK","sign":"04D574AA999894DA79143DAF565230C6","time_end":"20160508233807","total_fee":"1","trade_state":"SUCCESS","trade_type":"JSAPI","transaction_id":"4003782001201605085652496524"}
[2016-05-08 23:38:08][debug] notify to db: success! openid:ownx_s4nwip-5k-1oQzYp5r1oBIY
